[2023-12-26 22:18:32]	<basic_search>	肖申克
[2023-12-27 13:59:30]	<basic_search>	肖申克的救赎
[2023-12-27 14:00:21]	<basic_search>	阿飞
[2023-12-27 16:28:00]	<basic_search>	肖申克的救赎
[2023-12-27 16:46:52]	<basic_search>	越南两位副总理
[2023-12-27 16:52:15]	<site_search>	[url]:douban.com	[query]:肖申克
[2023-12-27 16:52:15]	<basic_search>	肖申克
[2023-12-27 16:52:45]	<regexp_search>	肖(.*)
[2023-12-27 16:58:48]	<basic_search>	霸王别姬
[2023-12-27 16:59:00]	<basic_search>	霸王别姬
[2023-12-27 17:02:28]	<basic_search>	霸王别姬
[2023-12-27 18:24:20]	<basic_search>	肖申克的救赎
[2023-12-27 18:24:33]	<basic_search>	习近平
[2023-12-27 18:24:33]	<fuzz_search>	习近平
[2023-12-27 18:24:48]	<basic_search>	越南两位副总理
[2023-12-27 21:12:15]	<basic_search>	秦刚外长
[2023-12-27 21:12:42]	<basic_search>	python
[2023-12-27 21:12:56]	<basic_search>	os
[2023-12-27 21:13:06]	<basic_search>	阿甘
[2023-12-27 21:13:24]	<basic_search>	霸王别姬
[2023-12-27 21:13:42]	<basic_search>	java
[2023-12-27 21:14:06]	<basic_search>	病毒
[2023-12-27 21:14:20]	<basic_search>	内存
[2023-12-27 21:14:59]	<basic_search>	python
[2023-12-27 21:15:12]	<basic_search>	总理
[2023-12-27 21:15:35]	<basic_search>	肖申克
[2023-12-27 21:15:59]	<basic_search>	阿甘正传
[2023-12-27 21:16:09]	<basic_search>	霸王别姬
[2023-12-27 21:16:24]	<basic_search>	information
[2023-12-27 21:16:39]	<basic_search>	肖申克的救赎
[2023-12-27 21:17:10]	<basic_search>	秦刚外长
[2023-12-27 21:17:18]	<basic_search>	秦刚
[2023-12-27 21:17:42]	<basic_search>	秦刚
[2023-12-27 21:17:53]	<basic_search>	java
[2023-12-27 21:18:06]	<basic_search>	线程
[2023-12-27 21:44:03]	<basic_search>	python
[2023-12-27 21:44:52]	<basic_search>	python
[2023-12-27 21:45:14]	<basic_search>	python
[2023-12-27 21:45:24]	<basic_search>	肖申克
[2023-12-27 21:45:34]	<basic_search>	肖申克
[2023-12-27 21:46:30]	<phase_search>	肖申克的救赎
[2023-12-27 21:47:02]	<site_search>	[url]:douban.com	[query]:肖申克
[2023-12-27 21:47:02]	<basic_search>	肖申克
[2023-12-27 21:47:27]	<site_search>	[url]:book.douban.com	[query]:肖申克
[2023-12-27 21:47:27]	<basic_search>	肖申克
[2023-12-27 21:48:11]	<bool_search>	[must]:['肖申克']	[mustnot]:['救赎']	[should]:['肖']	[position]:['title', 'content']
[2023-12-27 21:48:29]	<bool_search>	[must]:['python']	[mustnot]:[]	[should]:[]	[position]:title
[2023-12-27 21:49:27]	<wildcard_search>	p?thon
[2023-12-27 21:49:42]	<regexp_search>	肖(.*)
[2023-12-27 21:52:31]	<basic_search>	information retrieval
[2023-12-27 21:52:46]	<basic_search>	秦刚外长
[2023-12-27 21:53:00]	<basic_search>	秦刚外长
[2023-12-27 21:53:06]	<basic_search>	秦刚外长
[2023-12-27 22:10:25]	<basic_search>	肖申克
[2023-12-27 22:11:07]	<basic_search>	python
[2024-11-11 15:50:44]	<basic_search>	霸王别姬
[2024-11-11 15:50:48]	<basic_search>	三国演义
[2024-11-11 15:50:50]	<basic_search>	query
[2024-11-11 15:50:52]	<basic_search>	盖兹比
[2024-11-11 15:50:54]	<basic_search>	肖申克
[2024-11-11 15:53:00]	<basic_search>	霸王别姬
[2024-11-11 16:05:38]	<basic_search>	越南
[2024-11-11 16:16:18]	<basic_search>	霸王别姬
[2024-11-11 16:20:41]	<basic_search>	肖申克的
[2024-11-11 16:25:01]	<basic_search>	example
[2024-11-11 16:30:24]	<site_search>	[url]:example.com	[query]:query
[2024-11-11 16:30:24]	<basic_search>	query
[2024-11-11 16:30:37]	<basic_search>	“肖申克”
[2024-11-11 16:33:25]	<basic_search>	霸王别姬
[2024-11-11 16:33:31]	<basic_search>	霸王别姬
[2024-11-11 16:39:17]	<basic_search>	霸王别姬
[2024-11-11 16:44:11]	<basic_search>	霸王别姬
[2024-11-11 16:44:23]	<basic_search>	三国演义
[2024-11-11 16:44:25]	<basic_search>	霸王别姬
[2024-11-11 16:44:45]	<basic_search>	肖申克
[2024-11-11 16:44:53]	<basic_search>	霸王别姬
[2024-11-11 18:07:03]	<basic_search>	霸王别姬
[2024-11-11 18:07:08]	<basic_search>	霸王别姬
[2024-11-11 18:07:15]	<basic_search>	越南
[2024-11-11 18:07:17]	<basic_search>	肖申克的
[2024-11-11 18:07:19]	<basic_search>	霸王别姬
[2024-11-11 18:07:20]	<basic_search>	三国演义
[2024-11-11 18:07:22]	<basic_search>	query
[2024-11-11 18:08:29]	<basic_search>	bawanbieji
[2024-11-11 18:08:29]	<fuzz_search>	bawanbieji
[2024-11-11 18:08:44]	<basic_search>	霸王别姬
[2024-11-11 18:22:24]	<basic_search>	霸王别姬
[2024-11-11 18:43:29]	<basic_search>	霸王别姬
[2024-11-11 18:46:43]	<basic_search>	霸王别姬
[2024-11-11 18:48:30]	<basic_search>	霸王别姬
[2024-11-11 18:51:14]	<basic_search>	霸王别姬
[2024-11-11 18:52:33]	<basic_search>	霸王别姬
[2024-11-11 19:02:04]	<basic_search>	霸王别姬
[2024-11-11 19:17:25]	<basic_search>	越南两位副总理
[2024-11-11 21:08:18]	<basic_search>	霸王别姬
[2024-11-11 21:09:18]	<basic_search>	三国演义
